=========================================================================================
-- LEARNING WEIGHTS: RUN 8
-- TASK: language modeling ('lm')
-- CORPUS PARAMETERS
	Train/Validation split: 0.8/0.2
	  Training corpus size: 4800
	  Validation corpus size: 1200
	Maximum text length percentile: 85
	Maximum model input length: 175
	Maximum model label length: 175
-- TRAINING HYPERPARAMETERS
	Predictors: ['probs', 'top_k', 'unigram_freq', 'abs_diff']
	  Top `k` = 50
	Maximum epochs: 30
	Batch size: 40
	Initial learning rate: 0.01
	Validation interval (epochs): 2
	Schedule factor: 0.1
	Schedule patience (epochs): 3
	Early stopping: True (patience = 3 validation periods)
	Seed: 42
-- DEVICE PARAMETERS
	Device: CUDA
	Pin memory: True
	Number of workers: 2
-- LOG AND MODEL PATHS
	Logs: /data/user/logs
	Models: /data/user/models/weights
=========================================================================================
=========================================================================================
|									START OF TRAINING									|
=========================================================================================
-----------------------------------------------------------------------------------------
epoch 1 / 30 | lr 0.01 | epoch training duration 00:03:13 | loss 72.08299255371094
-----------------------------------------------------------------------------------------
-----------------------------------------------------------------------------------------
epoch 2 / 30 | lr 0.01 | epoch training duration 00:03:11 | loss 71.36998748779297
-----------------------------------------------------------------------------------------
-----------------------------------------------------------------------------------------
Computing validation loss...
New best model saved.
training 6% complete | validation loss 71.59231236775716
New best validation loss: None -> 71.59231236775716
-----------------------------------------------------------------------------------------
-----------------------------------------------------------------------------------------
epoch 3 / 30 | lr 0.01 | epoch training duration 00:03:11 | loss 70.94331359863281
-----------------------------------------------------------------------------------------
-----------------------------------------------------------------------------------------
epoch 4 / 30 | lr 0.01 | epoch training duration 00:03:11 | loss 70.57926177978516
-----------------------------------------------------------------------------------------
-----------------------------------------------------------------------------------------
Computing validation loss...
New best model saved.
training 13% complete | validation loss 70.83431396484374
New best validation loss: 71.59231236775716 -> 70.83431396484374
-----------------------------------------------------------------------------------------
-----------------------------------------------------------------------------------------
epoch 5 / 30 | lr 0.01 | epoch training duration 00:03:11 | loss 70.24518585205078
-----------------------------------------------------------------------------------------
-----------------------------------------------------------------------------------------
epoch 6 / 30 | lr 0.01 | epoch training duration 00:03:11 | loss 69.93769073486328
-----------------------------------------------------------------------------------------
-----------------------------------------------------------------------------------------
Computing validation loss...
New best model saved.
training 20% complete | validation loss 70.22248942057291
New best validation loss: 70.83431396484374 -> 70.22248942057291
-----------------------------------------------------------------------------------------
-----------------------------------------------------------------------------------------
epoch 7 / 30 | lr 0.01 | epoch training duration 00:03:11 | loss 69.65809631347656
-----------------------------------------------------------------------------------------
-----------------------------------------------------------------------------------------
epoch 8 / 30 | lr 0.01 | epoch training duration 00:03:11 | loss 69.40672302246094
-----------------------------------------------------------------------------------------
-----------------------------------------------------------------------------------------
Computing validation loss...
New best model saved.
training 26% complete | validation loss 69.72003275553385
New best validation loss: 70.22248942057291 -> 69.72003275553385
-----------------------------------------------------------------------------------------
-----------------------------------------------------------------------------------------
epoch 9 / 30 | lr 0.01 | epoch training duration 00:03:11 | loss 69.1825180053711
-----------------------------------------------------------------------------------------
-----------------------------------------------------------------------------------------
epoch 10 / 30 | lr 0.01 | epoch training duration 00:03:11 | loss 68.98353576660156
-----------------------------------------------------------------------------------------
-----------------------------------------------------------------------------------------
Computing validation loss...
New best model saved.
training 33% complete | validation loss 69.32246653238933
New best validation loss: 69.72003275553385 -> 69.32246653238933
-----------------------------------------------------------------------------------------
-----------------------------------------------------------------------------------------
epoch 11 / 30 | lr 0.01 | epoch training duration 00:03:11 | loss 68.80746459960938
-----------------------------------------------------------------------------------------
-----------------------------------------------------------------------------------------
epoch 12 / 30 | lr 0.01 | epoch training duration 00:03:11 | loss 68.65192413330078
-----------------------------------------------------------------------------------------
-----------------------------------------------------------------------------------------
Computing validation loss...
New best model saved.
training 40% complete | validation loss 69.01309051513672
New best validation loss: 69.32246653238933 -> 69.01309051513672
-----------------------------------------------------------------------------------------
-----------------------------------------------------------------------------------------
epoch 13 / 30 | lr 0.01 | epoch training duration 00:03:11 | loss 68.51464080810547
-----------------------------------------------------------------------------------------
-----------------------------------------------------------------------------------------
epoch 14 / 30 | lr 0.001 | epoch training duration 00:03:11 | loss 68.50065612792969
-----------------------------------------------------------------------------------------
-----------------------------------------------------------------------------------------
Computing validation loss...
New best model saved.
training 46% complete | validation loss 68.87361501057943
New best validation loss: 69.01309051513672 -> 68.87361501057943
-----------------------------------------------------------------------------------------
-----------------------------------------------------------------------------------------
epoch 15 / 30 | lr 0.001 | epoch training duration 00:03:11 | loss 68.4871826171875
-----------------------------------------------------------------------------------------
-----------------------------------------------------------------------------------------
epoch 16 / 30 | lr 0.001 | epoch training duration 00:03:11 | loss 68.47330474853516
-----------------------------------------------------------------------------------------
-----------------------------------------------------------------------------------------
Computing validation loss...
New best model saved.
training 53% complete | validation loss 68.84826202392578
New best validation loss: 68.87361501057943 -> 68.84826202392578
-----------------------------------------------------------------------------------------
-----------------------------------------------------------------------------------------
epoch 17 / 30 | lr 0.001 | epoch training duration 00:03:11 | loss 68.45906066894531
-----------------------------------------------------------------------------------------
-----------------------------------------------------------------------------------------
epoch 18 / 30 | lr 0.001 | epoch training duration 00:03:11 | loss 68.44447326660156
-----------------------------------------------------------------------------------------
-----------------------------------------------------------------------------------------
Computing validation loss...
New best model saved.
training 60% complete | validation loss 68.8215441385905
New best validation loss: 68.84826202392578 -> 68.8215441385905
-----------------------------------------------------------------------------------------
-----------------------------------------------------------------------------------------
epoch 19 / 30 | lr 0.001 | epoch training duration 00:03:11 | loss 68.42960357666016
-----------------------------------------------------------------------------------------
-----------------------------------------------------------------------------------------
epoch 20 / 30 | lr 0.0001 | epoch training duration 00:03:11 | loss 68.42796325683594
-----------------------------------------------------------------------------------------
-----------------------------------------------------------------------------------------
Computing validation loss...
New best model saved.
training 66% complete | validation loss 68.80634282430013
New best validation loss: 68.8215441385905 -> 68.80634282430013
-----------------------------------------------------------------------------------------
-----------------------------------------------------------------------------------------
epoch 21 / 30 | lr 0.0001 | epoch training duration 00:03:11 | loss 68.42637634277344
-----------------------------------------------------------------------------------------
-----------------------------------------------------------------------------------------
epoch 22 / 30 | lr 0.0001 | epoch training duration 00:03:11 | loss 68.42473602294922
-----------------------------------------------------------------------------------------
-----------------------------------------------------------------------------------------
Computing validation loss...
New best model saved.
training 73% complete | validation loss 68.8033566792806
New best validation loss: 68.80634282430013 -> 68.8033566792806
-----------------------------------------------------------------------------------------
-----------------------------------------------------------------------------------------
epoch 23 / 30 | lr 0.0001 | epoch training duration 00:03:11 | loss 68.42304229736328
-----------------------------------------------------------------------------------------
-----------------------------------------------------------------------------------------
epoch 24 / 30 | lr 1e-05 | epoch training duration 00:03:11 | loss 68.4228515625
-----------------------------------------------------------------------------------------
-----------------------------------------------------------------------------------------
Computing validation loss...
New best model saved.
training 80% complete | validation loss 68.80162353515625
New best validation loss: 68.8033566792806 -> 68.80162353515625
-----------------------------------------------------------------------------------------
-----------------------------------------------------------------------------------------
epoch 25 / 30 | lr 1e-05 | epoch training duration 00:03:11 | loss 68.42267608642578
-----------------------------------------------------------------------------------------
-----------------------------------------------------------------------------------------
epoch 26 / 30 | lr 1e-05 | epoch training duration 00:03:11 | loss 68.42249298095703
-----------------------------------------------------------------------------------------
-----------------------------------------------------------------------------------------
Computing validation loss...
New best model saved.
training 86% complete | validation loss 68.80128962198893
New best validation loss: 68.80162353515625 -> 68.80128962198893
-----------------------------------------------------------------------------------------
-----------------------------------------------------------------------------------------
epoch 27 / 30 | lr 1e-05 | epoch training duration 00:03:11 | loss 68.42230224609375
-----------------------------------------------------------------------------------------
-----------------------------------------------------------------------------------------
epoch 28 / 30 | lr 1.0000000000000002e-06 | epoch training duration 00:03:11 | loss 68.42227935791016
-----------------------------------------------------------------------------------------
-----------------------------------------------------------------------------------------
Computing validation loss...
New best model saved.
training 93% complete | validation loss 68.80109634399415
New best validation loss: 68.80128962198893 -> 68.80109634399415
-----------------------------------------------------------------------------------------
-----------------------------------------------------------------------------------------
epoch 29 / 30 | lr 1.0000000000000002e-06 | epoch training duration 00:03:11 | loss 68.42225646972656
-----------------------------------------------------------------------------------------
-----------------------------------------------------------------------------------------
epoch 30 / 30 | lr 1.0000000000000002e-06 | epoch training duration 00:03:11 | loss 68.42223358154297
-----------------------------------------------------------------------------------------
-----------------------------------------------------------------------------------------
Computing validation loss...
New best model saved.
training 100% complete | validation loss 68.80105641682943
New best validation loss: 68.80109634399415 -> 68.80105641682943
-----------------------------------------------------------------------------------------
=========================================================================================
|									  END OF TRAINING  									|
=========================================================================================