=========================================================================================
-- LEARNING WEIGHTS: RUN 2
-- TASK: language modeling ('lm')
-- CORPUS PARAMETERS
	Train/Validation split: 0.8/0.2
	  Training corpus size: 4800
	  Validation corpus size: 1200
	Maximum text length percentile: 85
	Maximum model input length: 175
	Maximum model label length: 175
-- TRAINING HYPERPARAMETERS
	Predictors: ['probs', 'top_k', 'unigram_freq', 'abs_diff']
	  Top `k` = 100
	Maximum epochs: 30
	Batch size: 40
	Initial learning rate: 0.01
	Validation interval (epochs): 2
	Schedule factor: 0.1
	Schedule patience (epochs): 3
	Early stopping: True (patience = 3 validation periods)
	Seed: 42
-- DEVICE PARAMETERS
	Device: CUDA
	Pin memory: True
	Number of workers: 2
-- LOG AND MODEL PATHS
	Logs: /data/user/logs
	Models: /data/user/models/weights
=========================================================================================
=========================================================================================
|									START OF TRAINING									|
=========================================================================================
-----------------------------------------------------------------------------------------
epoch 1 / 30 | lr 0.01 | epoch training duration 00:03:34 | loss 72.29368591308594
-----------------------------------------------------------------------------------------
-----------------------------------------------------------------------------------------
epoch 2 / 30 | lr 0.01 | epoch training duration 00:03:31 | loss 71.57606506347656
-----------------------------------------------------------------------------------------
-----------------------------------------------------------------------------------------
Computing validation loss...
New best model saved.
training 6% complete | validation loss 71.7878796895345
New best validation loss: None -> 71.7878796895345
-----------------------------------------------------------------------------------------
-----------------------------------------------------------------------------------------
epoch 3 / 30 | lr 0.01 | epoch training duration 00:03:31 | loss 71.16080474853516
-----------------------------------------------------------------------------------------
-----------------------------------------------------------------------------------------
epoch 4 / 30 | lr 0.01 | epoch training duration 00:03:31 | loss 70.8153076171875
-----------------------------------------------------------------------------------------
-----------------------------------------------------------------------------------------
Computing validation loss...
New best model saved.
training 13% complete | validation loss 71.05624135335286
New best validation loss: 71.7878796895345 -> 71.05624135335286
-----------------------------------------------------------------------------------------
-----------------------------------------------------------------------------------------
epoch 5 / 30 | lr 0.01 | epoch training duration 00:03:31 | loss 70.50273132324219
-----------------------------------------------------------------------------------------
-----------------------------------------------------------------------------------------
epoch 6 / 30 | lr 0.01 | epoch training duration 00:03:31 | loss 70.21784973144531
-----------------------------------------------------------------------------------------
-----------------------------------------------------------------------------------------
Computing validation loss...
New best model saved.
training 20% complete | validation loss 70.48422775268554
New best validation loss: 71.05624135335286 -> 70.48422775268554
-----------------------------------------------------------------------------------------
-----------------------------------------------------------------------------------------
epoch 7 / 30 | lr 0.01 | epoch training duration 00:03:32 | loss 69.96092224121094
-----------------------------------------------------------------------------------------
-----------------------------------------------------------------------------------------
epoch 8 / 30 | lr 0.01 | epoch training duration 00:03:32 | loss 69.73151397705078
-----------------------------------------------------------------------------------------
-----------------------------------------------------------------------------------------
Computing validation loss...
New best model saved.
training 26% complete | validation loss 70.02156143188476
New best validation loss: 70.48422775268554 -> 70.02156143188476
-----------------------------------------------------------------------------------------
-----------------------------------------------------------------------------------------
epoch 9 / 30 | lr 0.01 | epoch training duration 00:03:32 | loss 69.52790832519531
-----------------------------------------------------------------------------------------
-----------------------------------------------------------------------------------------
epoch 10 / 30 | lr 0.01 | epoch training duration 00:03:32 | loss 69.34768676757812
-----------------------------------------------------------------------------------------
-----------------------------------------------------------------------------------------
Computing validation loss...
New best model saved.
training 33% complete | validation loss 69.65878473917643
New best validation loss: 70.02156143188476 -> 69.65878473917643
-----------------------------------------------------------------------------------------
-----------------------------------------------------------------------------------------
epoch 11 / 30 | lr 0.01 | epoch training duration 00:03:32 | loss 69.18818664550781
-----------------------------------------------------------------------------------------
-----------------------------------------------------------------------------------------
epoch 12 / 30 | lr 0.01 | epoch training duration 00:03:32 | loss 69.04679870605469
-----------------------------------------------------------------------------------------
-----------------------------------------------------------------------------------------
Computing validation loss...
New best model saved.
training 40% complete | validation loss 69.37606811523438
New best validation loss: 69.65878473917643 -> 69.37606811523438
-----------------------------------------------------------------------------------------
-----------------------------------------------------------------------------------------
epoch 13 / 30 | lr 0.01 | epoch training duration 00:03:33 | loss 68.92110443115234
-----------------------------------------------------------------------------------------
-----------------------------------------------------------------------------------------
epoch 14 / 30 | lr 0.01 | epoch training duration 00:03:33 | loss 68.80900573730469
-----------------------------------------------------------------------------------------
-----------------------------------------------------------------------------------------
Computing validation loss...
New best model saved.
training 46% complete | validation loss 69.15413309733073
New best validation loss: 69.37606811523438 -> 69.15413309733073
-----------------------------------------------------------------------------------------
-----------------------------------------------------------------------------------------
epoch 15 / 30 | lr 0.001 | epoch training duration 00:03:33 | loss 68.7974853515625
-----------------------------------------------------------------------------------------
-----------------------------------------------------------------------------------------
epoch 16 / 30 | lr 0.001 | epoch training duration 00:03:34 | loss 68.78640747070312
-----------------------------------------------------------------------------------------
-----------------------------------------------------------------------------------------
Computing validation loss...
New best model saved.
training 53% complete | validation loss 69.13384958902995
New best validation loss: 69.15413309733073 -> 69.13384958902995
-----------------------------------------------------------------------------------------
-----------------------------------------------------------------------------------------
epoch 17 / 30 | lr 0.001 | epoch training duration 00:03:33 | loss 68.77499389648438
-----------------------------------------------------------------------------------------
-----------------------------------------------------------------------------------------
epoch 18 / 30 | lr 0.001 | epoch training duration 00:03:33 | loss 68.76325988769531
-----------------------------------------------------------------------------------------
-----------------------------------------------------------------------------------------
Computing validation loss...
New best model saved.
training 60% complete | validation loss 69.11231791178385
New best validation loss: 69.13384958902995 -> 69.11231791178385
-----------------------------------------------------------------------------------------
-----------------------------------------------------------------------------------------
epoch 19 / 30 | lr 0.0001 | epoch training duration 00:03:33 | loss 68.761962890625
-----------------------------------------------------------------------------------------
-----------------------------------------------------------------------------------------
epoch 20 / 30 | lr 0.0001 | epoch training duration 00:03:33 | loss 68.76070404052734
-----------------------------------------------------------------------------------------
-----------------------------------------------------------------------------------------
Computing validation loss...
New best model saved.
training 66% complete | validation loss 69.11001968383789
New best validation loss: 69.11231791178385 -> 69.11001968383789
-----------------------------------------------------------------------------------------
-----------------------------------------------------------------------------------------
epoch 21 / 30 | lr 0.0001 | epoch training duration 00:03:33 | loss 68.75939178466797
-----------------------------------------------------------------------------------------
-----------------------------------------------------------------------------------------
epoch 22 / 30 | lr 0.0001 | epoch training duration 00:03:33 | loss 68.75804901123047
-----------------------------------------------------------------------------------------
-----------------------------------------------------------------------------------------
Computing validation loss...
New best model saved.
training 73% complete | validation loss 69.10754597981771
New best validation loss: 69.11001968383789 -> 69.10754597981771
-----------------------------------------------------------------------------------------
-----------------------------------------------------------------------------------------
epoch 23 / 30 | lr 1e-05 | epoch training duration 00:03:33 | loss 68.75789642333984
-----------------------------------------------------------------------------------------
-----------------------------------------------------------------------------------------
epoch 24 / 30 | lr 1e-05 | epoch training duration 00:03:33 | loss 68.75775146484375
-----------------------------------------------------------------------------------------
-----------------------------------------------------------------------------------------
Computing validation loss...
New best model saved.
training 80% complete | validation loss 69.10728352864584
New best validation loss: 69.10754597981771 -> 69.10728352864584
-----------------------------------------------------------------------------------------
-----------------------------------------------------------------------------------------
epoch 25 / 30 | lr 1e-05 | epoch training duration 00:03:33 | loss 68.75759887695312
-----------------------------------------------------------------------------------------
-----------------------------------------------------------------------------------------
epoch 26 / 30 | lr 1e-05 | epoch training duration 00:03:33 | loss 68.7574462890625
-----------------------------------------------------------------------------------------
-----------------------------------------------------------------------------------------
Computing validation loss...
New best model saved.
training 86% complete | validation loss 69.10700098673503
New best validation loss: 69.10728352864584 -> 69.10700098673503
-----------------------------------------------------------------------------------------
-----------------------------------------------------------------------------------------
epoch 27 / 30 | lr 1.0000000000000002e-06 | epoch training duration 00:03:33 | loss 68.7574234008789
-----------------------------------------------------------------------------------------
-----------------------------------------------------------------------------------------
epoch 28 / 30 | lr 1.0000000000000002e-06 | epoch training duration 00:03:33 | loss 68.75740814208984
-----------------------------------------------------------------------------------------
-----------------------------------------------------------------------------------------
Computing validation loss...
New best model saved.
training 93% complete | validation loss 69.10696589152018
New best validation loss: 69.10700098673503 -> 69.10696589152018
-----------------------------------------------------------------------------------------
-----------------------------------------------------------------------------------------
epoch 29 / 30 | lr 1.0000000000000002e-06 | epoch training duration 00:03:33 | loss 68.75738525390625
-----------------------------------------------------------------------------------------
-----------------------------------------------------------------------------------------
epoch 30 / 30 | lr 1.0000000000000002e-06 | epoch training duration 00:03:33 | loss 68.75736999511719
-----------------------------------------------------------------------------------------
-----------------------------------------------------------------------------------------
Computing validation loss...
New best model saved.
training 100% complete | validation loss 69.10693079630533
New best validation loss: 69.10696589152018 -> 69.10693079630533
-----------------------------------------------------------------------------------------
=========================================================================================
|									  END OF TRAINING  									|
=========================================================================================