=========================================================================================
-- LEARNING WEIGHTS: RUN 3
-- TASK: language modeling ('lm')
-- CORPUS PARAMETERS
	Train/Validation split: 0.8/0.2
	  Training corpus size: 6400
	  Validation corpus size: 1600
	Maximum text length percentile: 85
	Maximum model input length: 176
	Maximum model label length: 176
-- TRAINING HYPERPARAMETERS
	Predictors: ['probs', 'top_k', 'unigram_freq', 'abs_diff']
	  Top `k` = 100
	Maximum epochs: 30
	Batch size: 40
	Initial learning rate: 0.01
	Validation interval (epochs): 2
	Schedule factor: 0.1
	Schedule patience (epochs): 3
	Early stopping: True (patience = 3 validation periods)
	Seed: 0
-- DEVICE PARAMETERS
	Device: CUDA
	Pin memory: True
	Number of workers: 2
-- LOG AND MODEL PATHS
	Logs: /data/user/logs
	Models: /data/user/models/weights
=========================================================================================
=========================================================================================
|									START OF TRAINING									|
=========================================================================================
-----------------------------------------------------------------------------------------
epoch 1 / 30 | lr 0.01 | epoch training duration 00:04:43 | loss 73.55890655517578
-----------------------------------------------------------------------------------------
-----------------------------------------------------------------------------------------
epoch 2 / 30 | lr 0.01 | epoch training duration 00:04:42 | loss 72.90009307861328
-----------------------------------------------------------------------------------------
-----------------------------------------------------------------------------------------
Computing validation loss...
New best model saved.
training 6% complete | validation loss 71.88670425415039
New best validation loss: None -> 71.88670425415039
-----------------------------------------------------------------------------------------
-----------------------------------------------------------------------------------------
epoch 3 / 30 | lr 0.01 | epoch training duration 00:04:42 | loss 72.46768951416016
-----------------------------------------------------------------------------------------
-----------------------------------------------------------------------------------------
epoch 4 / 30 | lr 0.01 | epoch training duration 00:04:41 | loss 72.10305786132812
-----------------------------------------------------------------------------------------
-----------------------------------------------------------------------------------------
Computing validation loss...
New best model saved.
training 13% complete | validation loss 70.99568767547608
New best validation loss: 71.88670425415039 -> 70.99568767547608
-----------------------------------------------------------------------------------------
-----------------------------------------------------------------------------------------
epoch 5 / 30 | lr 0.01 | epoch training duration 00:04:41 | loss 71.79206085205078
-----------------------------------------------------------------------------------------
-----------------------------------------------------------------------------------------
epoch 6 / 30 | lr 0.01 | epoch training duration 00:04:41 | loss 71.52949523925781
-----------------------------------------------------------------------------------------
-----------------------------------------------------------------------------------------
Computing validation loss...
New best model saved.
training 20% complete | validation loss 70.33321914672851
New best validation loss: 70.99568767547608 -> 70.33321914672851
-----------------------------------------------------------------------------------------
-----------------------------------------------------------------------------------------
epoch 7 / 30 | lr 0.01 | epoch training duration 00:04:42 | loss 71.30750274658203
-----------------------------------------------------------------------------------------
-----------------------------------------------------------------------------------------
epoch 8 / 30 | lr 0.01 | epoch training duration 00:04:42 | loss 71.11833953857422
-----------------------------------------------------------------------------------------
-----------------------------------------------------------------------------------------
Computing validation loss...
New best model saved.
training 26% complete | validation loss 69.86381816864014
New best validation loss: 70.33321914672851 -> 69.86381816864014
-----------------------------------------------------------------------------------------
-----------------------------------------------------------------------------------------
epoch 9 / 30 | lr 0.01 | epoch training duration 00:04:42 | loss 70.95584869384766
-----------------------------------------------------------------------------------------
-----------------------------------------------------------------------------------------
epoch 10 / 30 | lr 0.01 | epoch training duration 00:04:42 | loss 70.81542205810547
-----------------------------------------------------------------------------------------
-----------------------------------------------------------------------------------------
Computing validation loss...
New best model saved.
training 33% complete | validation loss 69.53220310211182
New best validation loss: 69.86381816864014 -> 69.53220310211182
-----------------------------------------------------------------------------------------
-----------------------------------------------------------------------------------------
epoch 11 / 30 | lr 0.001 | epoch training duration 00:04:43 | loss 70.8014144897461
-----------------------------------------------------------------------------------------
-----------------------------------------------------------------------------------------
epoch 12 / 30 | lr 0.001 | epoch training duration 00:04:43 | loss 70.78751373291016
-----------------------------------------------------------------------------------------
-----------------------------------------------------------------------------------------
Computing validation loss...
New best model saved.
training 40% complete | validation loss 69.5031551361084
New best validation loss: 69.53220310211182 -> 69.5031551361084
-----------------------------------------------------------------------------------------
-----------------------------------------------------------------------------------------
epoch 13 / 30 | lr 0.001 | epoch training duration 00:04:43 | loss 70.77308654785156
-----------------------------------------------------------------------------------------
-----------------------------------------------------------------------------------------
epoch 14 / 30 | lr 0.001 | epoch training duration 00:04:43 | loss 70.75818634033203
-----------------------------------------------------------------------------------------
-----------------------------------------------------------------------------------------
Computing validation loss...
New best model saved.
training 46% complete | validation loss 69.47198677062988
New best validation loss: 69.5031551361084 -> 69.47198677062988
-----------------------------------------------------------------------------------------
-----------------------------------------------------------------------------------------
epoch 15 / 30 | lr 0.001 | epoch training duration 00:04:43 | loss 70.74288177490234
-----------------------------------------------------------------------------------------
-----------------------------------------------------------------------------------------
epoch 16 / 30 | lr 0.0001 | epoch training duration 00:04:43 | loss 70.74121856689453
-----------------------------------------------------------------------------------------
-----------------------------------------------------------------------------------------
Computing validation loss...
New best model saved.
training 53% complete | validation loss 69.4541036605835
New best validation loss: 69.47198677062988 -> 69.4541036605835
-----------------------------------------------------------------------------------------
-----------------------------------------------------------------------------------------
epoch 17 / 30 | lr 0.0001 | epoch training duration 00:04:44 | loss 70.73956298828125
-----------------------------------------------------------------------------------------
-----------------------------------------------------------------------------------------
epoch 18 / 30 | lr 0.0001 | epoch training duration 00:04:43 | loss 70.73784637451172
-----------------------------------------------------------------------------------------
-----------------------------------------------------------------------------------------
Computing validation loss...
New best model saved.
training 60% complete | validation loss 69.45053977966309
New best validation loss: 69.4541036605835 -> 69.45053977966309
-----------------------------------------------------------------------------------------
-----------------------------------------------------------------------------------------
epoch 19 / 30 | lr 0.0001 | epoch training duration 00:04:43 | loss 70.73605346679688
-----------------------------------------------------------------------------------------
-----------------------------------------------------------------------------------------
epoch 20 / 30 | lr 1e-05 | epoch training duration 00:04:43 | loss 70.7358627319336
-----------------------------------------------------------------------------------------
-----------------------------------------------------------------------------------------
Computing validation loss...
New best model saved.
training 66% complete | validation loss 69.44846820831299
New best validation loss: 69.45053977966309 -> 69.44846820831299
-----------------------------------------------------------------------------------------
-----------------------------------------------------------------------------------------
epoch 21 / 30 | lr 1e-05 | epoch training duration 00:04:43 | loss 70.73567962646484
-----------------------------------------------------------------------------------------
-----------------------------------------------------------------------------------------
epoch 22 / 30 | lr 1e-05 | epoch training duration 00:04:43 | loss 70.7354736328125
-----------------------------------------------------------------------------------------
-----------------------------------------------------------------------------------------
Computing validation loss...
New best model saved.
training 73% complete | validation loss 69.44805717468262
New best validation loss: 69.44846820831299 -> 69.44805717468262
-----------------------------------------------------------------------------------------
-----------------------------------------------------------------------------------------
epoch 23 / 30 | lr 1e-05 | epoch training duration 00:04:43 | loss 70.73527526855469
-----------------------------------------------------------------------------------------
-----------------------------------------------------------------------------------------
epoch 24 / 30 | lr 1.0000000000000002e-06 | epoch training duration 00:04:43 | loss 70.7352523803711
-----------------------------------------------------------------------------------------
-----------------------------------------------------------------------------------------
Computing validation loss...
New best model saved.
training 80% complete | validation loss 69.44781970977783
New best validation loss: 69.44805717468262 -> 69.44781970977783
-----------------------------------------------------------------------------------------
-----------------------------------------------------------------------------------------
epoch 25 / 30 | lr 1.0000000000000002e-06 | epoch training duration 00:04:43 | loss 70.7352294921875
-----------------------------------------------------------------------------------------
-----------------------------------------------------------------------------------------
epoch 26 / 30 | lr 1.0000000000000002e-06 | epoch training duration 00:04:43 | loss 70.73519897460938
-----------------------------------------------------------------------------------------
-----------------------------------------------------------------------------------------
Computing validation loss...
New best model saved.
training 86% complete | validation loss 69.44777164459228
New best validation loss: 69.44781970977783 -> 69.44777164459228
-----------------------------------------------------------------------------------------
-----------------------------------------------------------------------------------------
epoch 27 / 30 | lr 1.0000000000000002e-06 | epoch training duration 00:04:43 | loss 70.73518371582031
-----------------------------------------------------------------------------------------
-----------------------------------------------------------------------------------------
epoch 28 / 30 | lr 1.0000000000000002e-07 | epoch training duration 00:04:43 | loss 70.73518371582031
-----------------------------------------------------------------------------------------
-----------------------------------------------------------------------------------------
Computing validation loss...
New best model saved.
training 93% complete | validation loss 69.44774837493897
New best validation loss: 69.44777164459228 -> 69.44774837493897
-----------------------------------------------------------------------------------------
-----------------------------------------------------------------------------------------
epoch 29 / 30 | lr 1.0000000000000002e-07 | epoch training duration 00:04:43 | loss 70.73518371582031
-----------------------------------------------------------------------------------------
-----------------------------------------------------------------------------------------
epoch 30 / 30 | lr 1.0000000000000002e-07 | epoch training duration 00:04:43 | loss 70.73518371582031
-----------------------------------------------------------------------------------------
-----------------------------------------------------------------------------------------
Computing validation loss...
training 100% complete | validation loss 69.44774837493897
-----------------------------------------------------------------------------------------
=========================================================================================
|									  END OF TRAINING  									|
=========================================================================================