=========================================================================================
-- LEARNING WEIGHTS: RUN 5
-- TASK: language modeling ('lm')
-- CORPUS PARAMETERS
	Train/Validation split: 0.8/0.2
	  Training corpus size: 8000
	  Validation corpus size: 2000
	Maximum text length percentile: 85
	Maximum model input length: 176
	Maximum model label length: 176
-- TRAINING HYPERPARAMETERS
	Predictors: ['probs', 'top_k', 'unigram_freq', 'abs_diff']
	  Top `k` = 100
	Maximum epochs: 30
	Batch size: 40
	Initial learning rate: 0.01
	Validation interval (epochs): 2
	Schedule factor: 0.1
	Schedule patience (epochs): 3
	Early stopping: True (patience = 3 validation periods)
	Seed: 0
-- DEVICE PARAMETERS
	Device: CUDA
	Pin memory: True
	Number of workers: 2
-- LOG AND MODEL PATHS
	Logs: /data/user/logs
	Models: /data/user/models/weights
=========================================================================================
=========================================================================================
|									START OF TRAINING									|
=========================================================================================
-----------------------------------------------------------------------------------------
epoch 1 / 40 | lr 0.01 | epoch training duration 00:05:57 | loss 72.45376586914062
-----------------------------------------------------------------------------------------
-----------------------------------------------------------------------------------------
epoch 2 / 40 | lr 0.01 | epoch training duration 00:05:55 | loss 71.75347137451172
-----------------------------------------------------------------------------------------
-----------------------------------------------------------------------------------------
Computing validation loss...
New best model saved.
training 5% complete | validation loss 71.21244140625
New best validation loss: None -> 71.21244140625
-----------------------------------------------------------------------------------------
-----------------------------------------------------------------------------------------
epoch 3 / 40 | lr 0.01 | epoch training duration 00:05:54 | loss 71.24176788330078
-----------------------------------------------------------------------------------------
-----------------------------------------------------------------------------------------
epoch 4 / 40 | lr 0.01 | epoch training duration 00:05:55 | loss 70.8238296508789
-----------------------------------------------------------------------------------------
-----------------------------------------------------------------------------------------
Computing validation loss...
New best model saved.
training 10% complete | validation loss 70.2435548400879
New best validation loss: 71.21244140625 -> 70.2435548400879
-----------------------------------------------------------------------------------------
-----------------------------------------------------------------------------------------
epoch 5 / 40 | lr 0.01 | epoch training duration 00:05:55 | loss 70.48563385009766
-----------------------------------------------------------------------------------------
-----------------------------------------------------------------------------------------
epoch 6 / 40 | lr 0.01 | epoch training duration 00:05:55 | loss 70.21012115478516
-----------------------------------------------------------------------------------------
-----------------------------------------------------------------------------------------
Computing validation loss...
New best model saved.
training 15% complete | validation loss 69.59638931274414
New best validation loss: 70.2435548400879 -> 69.59638931274414
-----------------------------------------------------------------------------------------
-----------------------------------------------------------------------------------------
epoch 7 / 40 | lr 0.01 | epoch training duration 00:05:56 | loss 69.98272705078125
-----------------------------------------------------------------------------------------
-----------------------------------------------------------------------------------------
epoch 8 / 40 | lr 0.01 | epoch training duration 00:05:56 | loss 69.7928466796875
-----------------------------------------------------------------------------------------
-----------------------------------------------------------------------------------------
Computing validation loss...
New best model saved.
training 20% complete | validation loss 69.17645462036133
New best validation loss: 69.59638931274414 -> 69.17645462036133
-----------------------------------------------------------------------------------------
-----------------------------------------------------------------------------------------
epoch 9 / 40 | lr 0.01 | epoch training duration 00:05:57 | loss 69.63275146484375
-----------------------------------------------------------------------------------------
-----------------------------------------------------------------------------------------
epoch 10 / 40 | lr 0.01 | epoch training duration 00:05:58 | loss 69.49676513671875
-----------------------------------------------------------------------------------------
-----------------------------------------------------------------------------------------
Computing validation loss...
New best model saved.
training 25% complete | validation loss 68.89483596801757
New best validation loss: 69.17645462036133 -> 68.89483596801757
-----------------------------------------------------------------------------------------
-----------------------------------------------------------------------------------------
epoch 11 / 40 | lr 0.01 | epoch training duration 00:05:58 | loss 69.3805923461914
-----------------------------------------------------------------------------------------
-----------------------------------------------------------------------------------------
epoch 12 / 40 | lr 0.01 | epoch training duration 00:05:57 | loss 69.2809829711914
-----------------------------------------------------------------------------------------
-----------------------------------------------------------------------------------------
Computing validation loss...
New best model saved.
training 30% complete | validation loss 68.69784317016601
New best validation loss: 68.89483596801757 -> 68.69784317016601
-----------------------------------------------------------------------------------------
-----------------------------------------------------------------------------------------
epoch 13 / 40 | lr 0.01 | epoch training duration 00:05:58 | loss 69.1954116821289
-----------------------------------------------------------------------------------------
-----------------------------------------------------------------------------------------
epoch 14 / 40 | lr 0.001 | epoch training duration 00:05:58 | loss 69.18688201904297
-----------------------------------------------------------------------------------------
-----------------------------------------------------------------------------------------
Computing validation loss...
New best model saved.
training 35% complete | validation loss 68.61401306152344
New best validation loss: 68.69784317016601 -> 68.61401306152344
-----------------------------------------------------------------------------------------
-----------------------------------------------------------------------------------------
epoch 15 / 40 | lr 0.001 | epoch training duration 00:05:57 | loss 69.17823791503906
-----------------------------------------------------------------------------------------
-----------------------------------------------------------------------------------------
epoch 16 / 40 | lr 0.001 | epoch training duration 00:05:57 | loss 69.16914367675781
-----------------------------------------------------------------------------------------
-----------------------------------------------------------------------------------------
Computing validation loss...
New best model saved.
training 40% complete | validation loss 68.59827774047852
New best validation loss: 68.61401306152344 -> 68.59827774047852
-----------------------------------------------------------------------------------------
-----------------------------------------------------------------------------------------
epoch 17 / 40 | lr 0.001 | epoch training duration 00:05:57 | loss 69.15961456298828
-----------------------------------------------------------------------------------------
-----------------------------------------------------------------------------------------
epoch 18 / 40 | lr 0.0001 | epoch training duration 00:05:56 | loss 69.15856170654297
-----------------------------------------------------------------------------------------
-----------------------------------------------------------------------------------------
Computing validation loss...
New best model saved.
training 45% complete | validation loss 68.58894500732421
New best validation loss: 68.59827774047852 -> 68.58894500732421
-----------------------------------------------------------------------------------------
-----------------------------------------------------------------------------------------
epoch 19 / 40 | lr 0.0001 | epoch training duration 00:05:57 | loss 69.15748596191406
-----------------------------------------------------------------------------------------
-----------------------------------------------------------------------------------------
epoch 20 / 40 | lr 0.0001 | epoch training duration 00:05:57 | loss 69.15634155273438
-----------------------------------------------------------------------------------------
-----------------------------------------------------------------------------------------
Computing validation loss...
New best model saved.
training 50% complete | validation loss 68.58698791503906
New best validation loss: 68.58894500732421 -> 68.58698791503906
-----------------------------------------------------------------------------------------
-----------------------------------------------------------------------------------------
epoch 21 / 40 | lr 0.0001 | epoch training duration 00:05:57 | loss 69.15513610839844
-----------------------------------------------------------------------------------------
-----------------------------------------------------------------------------------------
epoch 22 / 40 | lr 1e-05 | epoch training duration 00:05:57 | loss 69.15499877929688
-----------------------------------------------------------------------------------------
-----------------------------------------------------------------------------------------
Computing validation loss...
New best model saved.
training 55% complete | validation loss 68.58580581665039
New best validation loss: 68.58698791503906 -> 68.58580581665039
-----------------------------------------------------------------------------------------
-----------------------------------------------------------------------------------------
epoch 23 / 40 | lr 1e-05 | epoch training duration 00:05:57 | loss 69.15485382080078
-----------------------------------------------------------------------------------------
-----------------------------------------------------------------------------------------
epoch 24 / 40 | lr 1e-05 | epoch training duration 00:05:57 | loss 69.15471649169922
-----------------------------------------------------------------------------------------
-----------------------------------------------------------------------------------------
Computing validation loss...
New best model saved.
training 60% complete | validation loss 68.58556564331055
New best validation loss: 68.58580581665039 -> 68.58556564331055
-----------------------------------------------------------------------------------------
-----------------------------------------------------------------------------------------
epoch 25 / 40 | lr 1e-05 | epoch training duration 00:05:57 | loss 69.15457153320312
-----------------------------------------------------------------------------------------
-----------------------------------------------------------------------------------------
epoch 26 / 40 | lr 1.0000000000000002e-06 | epoch training duration 00:05:57 | loss 69.15457153320312
-----------------------------------------------------------------------------------------
-----------------------------------------------------------------------------------------
Computing validation loss...
New best model saved.
training 65% complete | validation loss 68.58544052124023
New best validation loss: 68.58556564331055 -> 68.58544052124023
-----------------------------------------------------------------------------------------
-----------------------------------------------------------------------------------------
epoch 27 / 40 | lr 1.0000000000000002e-06 | epoch training duration 00:05:57 | loss 69.15457153320312
-----------------------------------------------------------------------------------------
-----------------------------------------------------------------------------------------
epoch 28 / 40 | lr 1.0000000000000002e-06 | epoch training duration 00:05:58 | loss 69.15457153320312
-----------------------------------------------------------------------------------------
-----------------------------------------------------------------------------------------
Computing validation loss...
New best model saved.
training 70% complete | validation loss 68.58543838500977
New best validation loss: 68.58544052124023 -> 68.58543838500977
-----------------------------------------------------------------------------------------
-----------------------------------------------------------------------------------------
epoch 29 / 40 | lr 1.0000000000000002e-06 | epoch training duration 00:05:57 | loss 69.15457153320312
-----------------------------------------------------------------------------------------
-----------------------------------------------------------------------------------------
epoch 30 / 40 | lr 1.0000000000000002e-07 | epoch training duration 00:05:57 | loss 69.15457153320312
-----------------------------------------------------------------------------------------
-----------------------------------------------------------------------------------------
Computing validation loss...
New best model saved.
training 75% complete | validation loss 68.58543640136719
New best validation loss: 68.58543838500977 -> 68.58543640136719
-----------------------------------------------------------------------------------------
=========================================================================================
|									  END OF TRAINING  									|
=========================================================================================