=========================================================================================
-- LEARNING WEIGHTS: RUN 9
-- TASK: language modeling ('lm')
-- CORPUS PARAMETERS
	Train/Validation split: 0.8/0.2
	  Training corpus size: 6400
	  Validation corpus size: 1600
	Maximum text length percentile: 85
	Maximum model input length: 176
	Maximum model label length: 176
-- TRAINING HYPERPARAMETERS
	Predictors: ['probs', 'top_k', 'unigram_freq', 'abs_diff']
	  Top `k` = 50
	Maximum epochs: 30
	Batch size: 40
	Initial learning rate: 0.01
	Validation interval (epochs): 2
	Schedule factor: 0.1
	Schedule patience (epochs): 3
	Early stopping: True (patience = 3 validation periods)
	Seed: 0
-- DEVICE PARAMETERS
	Device: CUDA
	Pin memory: True
	Number of workers: 2
-- LOG AND MODEL PATHS
	Logs: /data/user/logs
	Models: /data/user/models/weights
=========================================================================================
=========================================================================================
|									START OF TRAINING									|
=========================================================================================
-----------------------------------------------------------------------------------------
epoch 1 / 30 | lr 0.01 | epoch training duration 00:04:19 | loss 73.22490692138672
-----------------------------------------------------------------------------------------
-----------------------------------------------------------------------------------------
epoch 2 / 30 | lr 0.01 | epoch training duration 00:04:17 | loss 72.60093688964844
-----------------------------------------------------------------------------------------
-----------------------------------------------------------------------------------------
Computing validation loss...
New best model saved.
training 6% complete | validation loss 71.553342628479
New best validation loss: None -> 71.553342628479
-----------------------------------------------------------------------------------------
-----------------------------------------------------------------------------------------
epoch 3 / 30 | lr 0.01 | epoch training duration 00:04:17 | loss 72.17347717285156
-----------------------------------------------------------------------------------------
-----------------------------------------------------------------------------------------
epoch 4 / 30 | lr 0.01 | epoch training duration 00:04:17 | loss 71.80561828613281
-----------------------------------------------------------------------------------------
-----------------------------------------------------------------------------------------
Computing validation loss...
New best model saved.
training 13% complete | validation loss 70.65855751037597
New best validation loss: 71.553342628479 -> 70.65855751037597
-----------------------------------------------------------------------------------------
-----------------------------------------------------------------------------------------
epoch 5 / 30 | lr 0.01 | epoch training duration 00:04:17 | loss 71.48477935791016
-----------------------------------------------------------------------------------------
-----------------------------------------------------------------------------------------
epoch 6 / 30 | lr 0.01 | epoch training duration 00:04:17 | loss 71.20702362060547
-----------------------------------------------------------------------------------------
-----------------------------------------------------------------------------------------
Computing validation loss...
New best model saved.
training 20% complete | validation loss 69.9759578704834
New best validation loss: 70.65855751037597 -> 69.9759578704834
-----------------------------------------------------------------------------------------
-----------------------------------------------------------------------------------------
epoch 7 / 30 | lr 0.01 | epoch training duration 00:04:17 | loss 70.96749877929688
-----------------------------------------------------------------------------------------
-----------------------------------------------------------------------------------------
epoch 8 / 30 | lr 0.01 | epoch training duration 00:04:17 | loss 70.76171112060547
-----------------------------------------------------------------------------------------
-----------------------------------------------------------------------------------------
Computing validation loss...
New best model saved.
training 26% complete | validation loss 69.48326263427734
New best validation loss: 69.9759578704834 -> 69.48326263427734
-----------------------------------------------------------------------------------------
-----------------------------------------------------------------------------------------
epoch 9 / 30 | lr 0.01 | epoch training duration 00:04:17 | loss 70.58578491210938
-----------------------------------------------------------------------------------------
-----------------------------------------------------------------------------------------
epoch 10 / 30 | lr 0.01 | epoch training duration 00:04:17 | loss 70.43610382080078
-----------------------------------------------------------------------------------------
-----------------------------------------------------------------------------------------
Computing validation loss...
New best model saved.
training 33% complete | validation loss 69.13543453216553
New best validation loss: 69.48326263427734 -> 69.13543453216553
-----------------------------------------------------------------------------------------
-----------------------------------------------------------------------------------------
epoch 11 / 30 | lr 0.01 | epoch training duration 00:04:16 | loss 70.3092041015625
-----------------------------------------------------------------------------------------
-----------------------------------------------------------------------------------------
epoch 12 / 30 | lr 0.01 | epoch training duration 00:04:17 | loss 70.20186614990234
-----------------------------------------------------------------------------------------
-----------------------------------------------------------------------------------------
Computing validation loss...
New best model saved.
training 40% complete | validation loss 68.88993434906006
New best validation loss: 69.13543453216553 -> 68.88993434906006
-----------------------------------------------------------------------------------------
-----------------------------------------------------------------------------------------
epoch 13 / 30 | lr 0.01 | epoch training duration 00:04:17 | loss 70.11125946044922
-----------------------------------------------------------------------------------------
-----------------------------------------------------------------------------------------
epoch 14 / 30 | lr 0.01 | epoch training duration 00:04:17 | loss 70.0349349975586
-----------------------------------------------------------------------------------------
-----------------------------------------------------------------------------------------
Computing validation loss...
New best model saved.
training 46% complete | validation loss 68.71601886749268
New best validation loss: 68.88993434906006 -> 68.71601886749268
-----------------------------------------------------------------------------------------
-----------------------------------------------------------------------------------------
epoch 15 / 30 | lr 0.001 | epoch training duration 00:04:17 | loss 70.02741241455078
-----------------------------------------------------------------------------------------
-----------------------------------------------------------------------------------------
epoch 16 / 30 | lr 0.001 | epoch training duration 00:04:16 | loss 70.01995849609375
-----------------------------------------------------------------------------------------
-----------------------------------------------------------------------------------------
Computing validation loss...
New best model saved.
training 53% complete | validation loss 68.7008270263672
New best validation loss: 68.71601886749268 -> 68.7008270263672
-----------------------------------------------------------------------------------------
-----------------------------------------------------------------------------------------
epoch 17 / 30 | lr 0.001 | epoch training duration 00:04:17 | loss 70.01221466064453
-----------------------------------------------------------------------------------------
-----------------------------------------------------------------------------------------
epoch 18 / 30 | lr 0.001 | epoch training duration 00:04:17 | loss 70.0041732788086
-----------------------------------------------------------------------------------------
-----------------------------------------------------------------------------------------
Computing validation loss...
New best model saved.
training 60% complete | validation loss 68.68435897827149
New best validation loss: 68.7008270263672 -> 68.68435897827149
-----------------------------------------------------------------------------------------
-----------------------------------------------------------------------------------------
epoch 19 / 30 | lr 0.0001 | epoch training duration 00:04:17 | loss 70.00328826904297
-----------------------------------------------------------------------------------------
-----------------------------------------------------------------------------------------
epoch 20 / 30 | lr 0.0001 | epoch training duration 00:04:17 | loss 70.00240325927734
-----------------------------------------------------------------------------------------
-----------------------------------------------------------------------------------------
Computing validation loss...
New best model saved.
training 66% complete | validation loss 68.68255214691162
New best validation loss: 68.68435897827149 -> 68.68255214691162
-----------------------------------------------------------------------------------------
-----------------------------------------------------------------------------------------
epoch 21 / 30 | lr 0.0001 | epoch training duration 00:04:17 | loss 70.00145721435547
-----------------------------------------------------------------------------------------
-----------------------------------------------------------------------------------------
epoch 22 / 30 | lr 0.0001 | epoch training duration 00:04:17 | loss 70.0004653930664
-----------------------------------------------------------------------------------------
-----------------------------------------------------------------------------------------
Computing validation loss...
New best model saved.
training 73% complete | validation loss 68.68054161071777
New best validation loss: 68.68255214691162 -> 68.68054161071777
-----------------------------------------------------------------------------------------
-----------------------------------------------------------------------------------------
epoch 23 / 30 | lr 1e-05 | epoch training duration 00:04:17 | loss 70.00035858154297
-----------------------------------------------------------------------------------------
-----------------------------------------------------------------------------------------
epoch 24 / 30 | lr 1e-05 | epoch training duration 00:04:17 | loss 70.00025177001953
-----------------------------------------------------------------------------------------
-----------------------------------------------------------------------------------------
Computing validation loss...
New best model saved.
training 80% complete | validation loss 68.68032035827636
New best validation loss: 68.68054161071777 -> 68.68032035827636
-----------------------------------------------------------------------------------------
-----------------------------------------------------------------------------------------
epoch 25 / 30 | lr 1e-05 | epoch training duration 00:04:17 | loss 70.00013732910156
-----------------------------------------------------------------------------------------
-----------------------------------------------------------------------------------------
epoch 26 / 30 | lr 1e-05 | epoch training duration 00:04:17 | loss 70.00001525878906
-----------------------------------------------------------------------------------------
-----------------------------------------------------------------------------------------
Computing validation loss...
New best model saved.
training 86% complete | validation loss 68.68007564544678
New best validation loss: 68.68032035827636 -> 68.68007564544678
-----------------------------------------------------------------------------------------
-----------------------------------------------------------------------------------------
epoch 27 / 30 | lr 1.0000000000000002e-06 | epoch training duration 00:04:16 | loss 70.00000762939453
-----------------------------------------------------------------------------------------
-----------------------------------------------------------------------------------------
epoch 28 / 30 | lr 1.0000000000000002e-06 | epoch training duration 00:04:17 | loss 69.99998474121094
-----------------------------------------------------------------------------------------
-----------------------------------------------------------------------------------------
Computing validation loss...
New best model saved.
training 93% complete | validation loss 68.68004703521729
New best validation loss: 68.68007564544678 -> 68.68004703521729
-----------------------------------------------------------------------------------------
-----------------------------------------------------------------------------------------
epoch 29 / 30 | lr 1.0000000000000002e-06 | epoch training duration 00:04:16 | loss 69.99996948242188
-----------------------------------------------------------------------------------------
-----------------------------------------------------------------------------------------
epoch 30 / 30 | lr 1.0000000000000002e-06 | epoch training duration 00:04:17 | loss 69.99996185302734
-----------------------------------------------------------------------------------------
-----------------------------------------------------------------------------------------
Computing validation loss...
New best model saved.
training 100% complete | validation loss 68.68001747131348
New best validation loss: 68.68004703521729 -> 68.68001747131348
-----------------------------------------------------------------------------------------
=========================================================================================
|									  END OF TRAINING  									|
=========================================================================================