=========================================================================================
-- LEARNING WEIGHTS: RUN 10
-- TASK: language modeling ('lm')
-- CORPUS PARAMETERS
	Train/Validation split: 0.8/0.2
	  Training corpus size: 6400
	  Validation corpus size: 1600
	Maximum text length percentile: 85
	Maximum model input length: 176
	Maximum model label length: 176
-- TRAINING HYPERPARAMETERS
	Predictors: ['probs', 'top_k', 'unigram_freq', 'abs_diff']
	  Top `k` = 50
	Maximum epochs: 30
	Batch size: 40
	Initial learning rate: 0.01
	Validation interval (epochs): 2
	Schedule factor: 0.1
	Schedule patience (epochs): 3
	Early stopping: True (patience = 3 validation periods)
	Seed: 42
-- DEVICE PARAMETERS
	Device: CUDA
	Pin memory: True
	Number of workers: 2
-- LOG AND MODEL PATHS
	Logs: /data/user/logs
	Models: /data/user/models/weights
=========================================================================================
=========================================================================================
|									START OF TRAINING									|
=========================================================================================
-----------------------------------------------------------------------------------------
epoch 1 / 30 | lr 0.01 | epoch training duration 00:04:20 | loss 71.20849609375
-----------------------------------------------------------------------------------------
-----------------------------------------------------------------------------------------
epoch 2 / 30 | lr 0.01 | epoch training duration 00:04:19 | loss 70.47959899902344
-----------------------------------------------------------------------------------------
-----------------------------------------------------------------------------------------
Computing validation loss...
New best model saved.
training 6% complete | validation loss 71.70718173980713
New best validation loss: None -> 71.70718173980713
-----------------------------------------------------------------------------------------
-----------------------------------------------------------------------------------------
epoch 3 / 30 | lr 0.01 | epoch training duration 00:04:18 | loss 69.954345703125
-----------------------------------------------------------------------------------------
-----------------------------------------------------------------------------------------
epoch 4 / 30 | lr 0.01 | epoch training duration 00:04:18 | loss 69.48600006103516
-----------------------------------------------------------------------------------------
-----------------------------------------------------------------------------------------
Computing validation loss...
New best model saved.
training 13% complete | validation loss 70.81501903533936
New best validation loss: 71.70718173980713 -> 70.81501903533936
-----------------------------------------------------------------------------------------
-----------------------------------------------------------------------------------------
epoch 5 / 30 | lr 0.01 | epoch training duration 00:04:18 | loss 69.06484985351562
-----------------------------------------------------------------------------------------
-----------------------------------------------------------------------------------------
epoch 6 / 30 | lr 0.01 | epoch training duration 00:04:18 | loss 68.69390869140625
-----------------------------------------------------------------------------------------
-----------------------------------------------------------------------------------------
Computing validation loss...
New best model saved.
training 20% complete | validation loss 70.10722751617432
New best validation loss: 70.81501903533936 -> 70.10722751617432
-----------------------------------------------------------------------------------------
-----------------------------------------------------------------------------------------
epoch 7 / 30 | lr 0.01 | epoch training duration 00:04:18 | loss 68.37226867675781
-----------------------------------------------------------------------------------------
-----------------------------------------------------------------------------------------
epoch 8 / 30 | lr 0.01 | epoch training duration 00:04:18 | loss 68.09574127197266
-----------------------------------------------------------------------------------------
-----------------------------------------------------------------------------------------
Computing validation loss...
New best model saved.
training 26% complete | validation loss 69.5791244506836
New best validation loss: 70.10722751617432 -> 69.5791244506836
-----------------------------------------------------------------------------------------
-----------------------------------------------------------------------------------------
epoch 9 / 30 | lr 0.01 | epoch training duration 00:04:18 | loss 67.85873413085938
-----------------------------------------------------------------------------------------
-----------------------------------------------------------------------------------------
epoch 10 / 30 | lr 0.01 | epoch training duration 00:04:18 | loss 67.65558624267578
-----------------------------------------------------------------------------------------
-----------------------------------------------------------------------------------------
Computing validation loss...
New best model saved.
training 33% complete | validation loss 69.19863777160644
New best validation loss: 69.5791244506836 -> 69.19863777160644
-----------------------------------------------------------------------------------------
-----------------------------------------------------------------------------------------
epoch 11 / 30 | lr 0.01 | epoch training duration 00:04:18 | loss 67.48126220703125
-----------------------------------------------------------------------------------------
-----------------------------------------------------------------------------------------
epoch 12 / 30 | lr 0.01 | epoch training duration 00:04:18 | loss 67.33155822753906
-----------------------------------------------------------------------------------------
-----------------------------------------------------------------------------------------
Computing validation loss...
New best model saved.
training 40% complete | validation loss 68.92686614990234
New best validation loss: 69.19863777160644 -> 68.92686614990234
-----------------------------------------------------------------------------------------
-----------------------------------------------------------------------------------------
epoch 13 / 30 | lr 0.01 | epoch training duration 00:04:18 | loss 67.20297241210938
-----------------------------------------------------------------------------------------
-----------------------------------------------------------------------------------------
epoch 14 / 30 | lr 0.001 | epoch training duration 00:04:18 | loss 67.19019317626953
-----------------------------------------------------------------------------------------
-----------------------------------------------------------------------------------------
Computing validation loss...
New best model saved.
training 46% complete | validation loss 68.81181049346924
New best validation loss: 68.92686614990234 -> 68.81181049346924
-----------------------------------------------------------------------------------------
-----------------------------------------------------------------------------------------
epoch 15 / 30 | lr 0.001 | epoch training duration 00:04:18 | loss 67.1775131225586
-----------------------------------------------------------------------------------------
-----------------------------------------------------------------------------------------
epoch 16 / 30 | lr 0.001 | epoch training duration 00:04:18 | loss 67.164306640625
-----------------------------------------------------------------------------------------
-----------------------------------------------------------------------------------------
Computing validation loss...
New best model saved.
training 53% complete | validation loss 68.79082717895508
New best validation loss: 68.81181049346924 -> 68.79082717895508
-----------------------------------------------------------------------------------------
-----------------------------------------------------------------------------------------
epoch 17 / 30 | lr 0.001 | epoch training duration 00:04:18 | loss 67.15058898925781
-----------------------------------------------------------------------------------------
-----------------------------------------------------------------------------------------
epoch 18 / 30 | lr 0.001 | epoch training duration 00:04:18 | loss 67.13642120361328
-----------------------------------------------------------------------------------------
-----------------------------------------------------------------------------------------
Computing validation loss...
New best model saved.
training 60% complete | validation loss 68.76831283569337
New best validation loss: 68.79082717895508 -> 68.76831283569337
-----------------------------------------------------------------------------------------
-----------------------------------------------------------------------------------------
epoch 19 / 30 | lr 0.001 | epoch training duration 00:04:18 | loss 67.12185668945312
-----------------------------------------------------------------------------------------
-----------------------------------------------------------------------------------------
epoch 20 / 30 | lr 0.0001 | epoch training duration 00:04:18 | loss 67.12025451660156
-----------------------------------------------------------------------------------------
-----------------------------------------------------------------------------------------
Computing validation loss...
New best model saved.
training 66% complete | validation loss 68.7553560256958
New best validation loss: 68.76831283569337 -> 68.7553560256958
-----------------------------------------------------------------------------------------
-----------------------------------------------------------------------------------------
epoch 21 / 30 | lr 0.0001 | epoch training duration 00:04:18 | loss 67.11866760253906
-----------------------------------------------------------------------------------------
-----------------------------------------------------------------------------------------
epoch 22 / 30 | lr 0.0001 | epoch training duration 00:04:18 | loss 67.11699676513672
-----------------------------------------------------------------------------------------
-----------------------------------------------------------------------------------------
Computing validation loss...
New best model saved.
training 73% complete | validation loss 68.75273685455322
New best validation loss: 68.7553560256958 -> 68.75273685455322
-----------------------------------------------------------------------------------------
-----------------------------------------------------------------------------------------
epoch 23 / 30 | lr 0.0001 | epoch training duration 00:04:18 | loss 67.1152572631836
-----------------------------------------------------------------------------------------
-----------------------------------------------------------------------------------------
epoch 24 / 30 | lr 1e-05 | epoch training duration 00:04:18 | loss 67.11506652832031
-----------------------------------------------------------------------------------------
-----------------------------------------------------------------------------------------
Computing validation loss...
New best model saved.
training 80% complete | validation loss 68.75119266510009
New best validation loss: 68.75273685455322 -> 68.75119266510009
-----------------------------------------------------------------------------------------
-----------------------------------------------------------------------------------------
epoch 25 / 30 | lr 1e-05 | epoch training duration 00:04:18 | loss 67.11487579345703
-----------------------------------------------------------------------------------------
-----------------------------------------------------------------------------------------
epoch 26 / 30 | lr 1e-05 | epoch training duration 00:04:18 | loss 67.11467742919922
-----------------------------------------------------------------------------------------
-----------------------------------------------------------------------------------------
Computing validation loss...
New best model saved.
training 86% complete | validation loss 68.75088233947754
New best validation loss: 68.75119266510009 -> 68.75088233947754
-----------------------------------------------------------------------------------------
-----------------------------------------------------------------------------------------
epoch 27 / 30 | lr 1e-05 | epoch training duration 00:04:18 | loss 67.1144790649414
-----------------------------------------------------------------------------------------
-----------------------------------------------------------------------------------------
epoch 28 / 30 | lr 1.0000000000000002e-06 | epoch training duration 00:04:18 | loss 67.11444854736328
-----------------------------------------------------------------------------------------
-----------------------------------------------------------------------------------------
Computing validation loss...
New best model saved.
training 93% complete | validation loss 68.75070304870606
New best validation loss: 68.75088233947754 -> 68.75070304870606
-----------------------------------------------------------------------------------------
-----------------------------------------------------------------------------------------
epoch 29 / 30 | lr 1.0000000000000002e-06 | epoch training duration 00:04:18 | loss 67.11443328857422
-----------------------------------------------------------------------------------------
-----------------------------------------------------------------------------------------
epoch 30 / 30 | lr 1.0000000000000002e-06 | epoch training duration 00:04:18 | loss 67.11441040039062
-----------------------------------------------------------------------------------------
-----------------------------------------------------------------------------------------
Computing validation loss...
New best model saved.
training 100% complete | validation loss 68.75066680908203
New best validation loss: 68.75070304870606 -> 68.75066680908203
-----------------------------------------------------------------------------------------
=========================================================================================
|									  END OF TRAINING  									|
=========================================================================================