=========================================================================================
-- LEARNING WEIGHTS: RUN 12
-- TASK: language modeling ('lm')
-- CORPUS PARAMETERS
	Train/Validation split: 0.8/0.2
	  Training corpus size: 8000
	  Validation corpus size: 2000
	Maximum text length percentile: 85
	Maximum model input length: 176
	Maximum model label length: 176
-- TRAINING HYPERPARAMETERS
	Predictors: ['probs', 'top_k', 'unigram_freq', 'abs_diff']
	  Top `k` = 50
	Maximum epochs: 30
	Batch size: 40
	Initial learning rate: 0.01
	Validation interval (epochs): 2
	Schedule factor: 0.1
	Schedule patience (epochs): 3
	Early stopping: True (patience = 3 validation periods)
	Seed: 42
-- DEVICE PARAMETERS
	Device: CUDA
	Pin memory: True
	Number of workers: 2
-- LOG AND MODEL PATHS
	Logs: /data/user/logs
	Models: /data/user/models/weights
=========================================================================================
=========================================================================================
|									START OF TRAINING									|
=========================================================================================
-----------------------------------------------------------------------------------------
epoch 1 / 30 | lr 0.01 | epoch training duration 00:05:24 | loss 72.79369354248047
-----------------------------------------------------------------------------------------
-----------------------------------------------------------------------------------------
epoch 2 / 30 | lr 0.01 | epoch training duration 00:05:22 | loss 72.06038665771484
-----------------------------------------------------------------------------------------
-----------------------------------------------------------------------------------------
Computing validation loss...
New best model saved.
training 6% complete | validation loss 71.2693896484375
New best validation loss: None -> 71.2693896484375
-----------------------------------------------------------------------------------------
-----------------------------------------------------------------------------------------
epoch 3 / 30 | lr 0.01 | epoch training duration 00:05:21 | loss 71.50694274902344
-----------------------------------------------------------------------------------------
-----------------------------------------------------------------------------------------
epoch 4 / 30 | lr 0.01 | epoch training duration 00:05:21 | loss 71.04103088378906
-----------------------------------------------------------------------------------------
-----------------------------------------------------------------------------------------
Computing validation loss...
New best model saved.
training 13% complete | validation loss 70.17144348144531
New best validation loss: 71.2693896484375 -> 70.17144348144531
-----------------------------------------------------------------------------------------
-----------------------------------------------------------------------------------------
epoch 5 / 30 | lr 0.01 | epoch training duration 00:05:21 | loss 70.65929412841797
-----------------------------------------------------------------------------------------
-----------------------------------------------------------------------------------------
epoch 6 / 30 | lr 0.01 | epoch training duration 00:05:21 | loss 70.35095977783203
-----------------------------------------------------------------------------------------
-----------------------------------------------------------------------------------------
Computing validation loss...
New best model saved.
training 20% complete | validation loss 69.4290850830078
New best validation loss: 70.17144348144531 -> 69.4290850830078
-----------------------------------------------------------------------------------------
-----------------------------------------------------------------------------------------
epoch 7 / 30 | lr 0.01 | epoch training duration 00:05:22 | loss 70.1024398803711
-----------------------------------------------------------------------------------------
-----------------------------------------------------------------------------------------
epoch 8 / 30 | lr 0.01 | epoch training duration 00:05:22 | loss 69.90164184570312
-----------------------------------------------------------------------------------------
-----------------------------------------------------------------------------------------
Computing validation loss...
New best model saved.
training 26% complete | validation loss 68.95549667358398
New best validation loss: 69.4290850830078 -> 68.95549667358398
-----------------------------------------------------------------------------------------
-----------------------------------------------------------------------------------------
epoch 9 / 30 | lr 0.01 | epoch training duration 00:05:21 | loss 69.73895263671875
-----------------------------------------------------------------------------------------
-----------------------------------------------------------------------------------------
epoch 10 / 30 | lr 0.01 | epoch training duration 00:05:21 | loss 69.60701751708984
-----------------------------------------------------------------------------------------
-----------------------------------------------------------------------------------------
Computing validation loss...
New best model saved.
training 33% complete | validation loss 68.65298461914062
New best validation loss: 68.95549667358398 -> 68.65298461914062
-----------------------------------------------------------------------------------------
-----------------------------------------------------------------------------------------
epoch 11 / 30 | lr 0.01 | epoch training duration 00:05:22 | loss 69.50013732910156
-----------------------------------------------------------------------------------------
-----------------------------------------------------------------------------------------
epoch 12 / 30 | lr 0.001 | epoch training duration 00:05:21 | loss 69.48992919921875
-----------------------------------------------------------------------------------------
-----------------------------------------------------------------------------------------
Computing validation loss...
New best model saved.
training 40% complete | validation loss 68.53505004882813
New best validation loss: 68.65298461914062 -> 68.53505004882813
-----------------------------------------------------------------------------------------
-----------------------------------------------------------------------------------------
epoch 13 / 30 | lr 0.001 | epoch training duration 00:05:21 | loss 69.4795913696289
-----------------------------------------------------------------------------------------
-----------------------------------------------------------------------------------------
epoch 14 / 30 | lr 0.001 | epoch training duration 00:05:21 | loss 69.46874237060547
-----------------------------------------------------------------------------------------
-----------------------------------------------------------------------------------------
Computing validation loss...
New best model saved.
training 46% complete | validation loss 68.51367401123046
New best validation loss: 68.53505004882813 -> 68.51367401123046
-----------------------------------------------------------------------------------------
-----------------------------------------------------------------------------------------
epoch 15 / 30 | lr 0.001 | epoch training duration 00:05:22 | loss 69.45743560791016
-----------------------------------------------------------------------------------------
-----------------------------------------------------------------------------------------
epoch 16 / 30 | lr 0.0001 | epoch training duration 00:05:21 | loss 69.4561996459961
-----------------------------------------------------------------------------------------
-----------------------------------------------------------------------------------------
Computing validation loss...
New best model saved.
training 53% complete | validation loss 68.50108642578125
New best validation loss: 68.51367401123046 -> 68.50108642578125
-----------------------------------------------------------------------------------------
-----------------------------------------------------------------------------------------
epoch 17 / 30 | lr 0.0001 | epoch training duration 00:05:21 | loss 69.45492553710938
-----------------------------------------------------------------------------------------
-----------------------------------------------------------------------------------------
epoch 18 / 30 | lr 0.0001 | epoch training duration 00:05:22 | loss 69.45357513427734
-----------------------------------------------------------------------------------------
-----------------------------------------------------------------------------------------
Computing validation loss...
New best model saved.
training 60% complete | validation loss 68.49844467163086
New best validation loss: 68.50108642578125 -> 68.49844467163086
-----------------------------------------------------------------------------------------
-----------------------------------------------------------------------------------------
epoch 19 / 30 | lr 0.0001 | epoch training duration 00:05:21 | loss 69.4521484375
-----------------------------------------------------------------------------------------
-----------------------------------------------------------------------------------------
epoch 20 / 30 | lr 1e-05 | epoch training duration 00:05:22 | loss 69.45198822021484
-----------------------------------------------------------------------------------------
-----------------------------------------------------------------------------------------
Computing validation loss...
New best model saved.
training 66% complete | validation loss 68.49685348510742
New best validation loss: 68.49844467163086 -> 68.49685348510742
-----------------------------------------------------------------------------------------
-----------------------------------------------------------------------------------------
epoch 21 / 30 | lr 1e-05 | epoch training duration 00:05:21 | loss 69.45183563232422
-----------------------------------------------------------------------------------------
-----------------------------------------------------------------------------------------
epoch 22 / 30 | lr 1e-05 | epoch training duration 00:05:22 | loss 69.45166778564453
-----------------------------------------------------------------------------------------
-----------------------------------------------------------------------------------------
Computing validation loss...
New best model saved.
training 73% complete | validation loss 68.4965284729004
New best validation loss: 68.49685348510742 -> 68.4965284729004
-----------------------------------------------------------------------------------------
-----------------------------------------------------------------------------------------
epoch 23 / 30 | lr 1e-05 | epoch training duration 00:05:21 | loss 69.45149230957031
-----------------------------------------------------------------------------------------
-----------------------------------------------------------------------------------------
epoch 24 / 30 | lr 1.0000000000000002e-06 | epoch training duration 00:05:22 | loss 69.45147705078125
-----------------------------------------------------------------------------------------
-----------------------------------------------------------------------------------------
Computing validation loss...
New best model saved.
training 80% complete | validation loss 68.49633529663086
New best validation loss: 68.4965284729004 -> 68.49633529663086
-----------------------------------------------------------------------------------------
-----------------------------------------------------------------------------------------
epoch 25 / 30 | lr 1.0000000000000002e-06 | epoch training duration 00:05:22 | loss 69.45145416259766
-----------------------------------------------------------------------------------------
-----------------------------------------------------------------------------------------
epoch 26 / 30 | lr 1.0000000000000002e-06 | epoch training duration 00:05:22 | loss 69.45143127441406
-----------------------------------------------------------------------------------------
-----------------------------------------------------------------------------------------
Computing validation loss...
New best model saved.
training 86% complete | validation loss 68.4962954711914
New best validation loss: 68.49633529663086 -> 68.4962954711914
-----------------------------------------------------------------------------------------
-----------------------------------------------------------------------------------------
epoch 27 / 30 | lr 1.0000000000000002e-06 | epoch training duration 00:05:21 | loss 69.451416015625
-----------------------------------------------------------------------------------------
-----------------------------------------------------------------------------------------
epoch 28 / 30 | lr 1.0000000000000002e-07 | epoch training duration 00:05:22 | loss 69.451416015625
-----------------------------------------------------------------------------------------
-----------------------------------------------------------------------------------------
Computing validation loss...
New best model saved.
training 93% complete | validation loss 68.49627365112305
New best validation loss: 68.4962954711914 -> 68.49627365112305
-----------------------------------------------------------------------------------------
-----------------------------------------------------------------------------------------
epoch 29 / 30 | lr 1.0000000000000002e-07 | epoch training duration 00:05:22 | loss 69.451416015625
-----------------------------------------------------------------------------------------
-----------------------------------------------------------------------------------------
epoch 30 / 30 | lr 1.0000000000000002e-07 | epoch training duration 00:05:22 | loss 69.451416015625
-----------------------------------------------------------------------------------------
-----------------------------------------------------------------------------------------
Computing validation loss...
training 100% complete | validation loss 68.49627365112305
-----------------------------------------------------------------------------------------
=========================================================================================
|									  END OF TRAINING  									|
=========================================================================================