Wed Jun 28 23:28:10 2023       
+-----------------------------------------------------------------------------+
| NVIDIA-SMI 510.73.08    Driver Version: 510.73.08    CUDA Version: 11.6     |
|-------------------------------+----------------------+----------------------+
| GPU  Name        Persistence-M| Bus-Id        Disp.A | Volatile Uncorr. ECC |
| Fan  Temp  Perf  Pwr:Usage/Cap|         Memory-Usage | GPU-Util  Compute M. |
|                               |                      |               MIG M. |
|===============================+======================+======================|
|   0  Tesla V100-SXM2...  On   | 00000000:89:00.0 Off |                    0 |
| N/A   28C    P0    39W / 300W |      0MiB / 32768MiB |      0%      Default |
|                               |                      |                  N/A |
+-------------------------------+----------------------+----------------------+
                                                                               
+-----------------------------------------------------------------------------+
| Processes:                                                                  |
|  GPU   GI   CI        PID   Type   Process name                  GPU Memory |
|        ID   ID                                                   Usage      |
|=============================================================================|
|  No running processes found                                                 |
+-----------------------------------------------------------------------------+
/data/akim/conda/envs/cluster/bin/python: can't open file '/data/akim/models/weights/src/train.py': [Errno 2] No such file or directory
srun: error: u20-computeibmgpu-vesta13: task 0: Exited with exit code 2
